Unity Editor version:    2020.3.32f1 (12f8b0834f07)
Branch:                  2020.3/staging
Build type:              Release
Batch mode:              YES
macOS version:           Version 12.2 (Build 21D49)
Darwin version:          21.3.0
Architecture:            x86_64
Running under Rosetta:   NO
Available memory:        16384 MB
Using pre-set license
Pro License: NO

COMMAND LINE ARGUMENTS:
/Applications/Unity/Hub/Editor/2020.3.32f1/Unity.app/Contents/MacOS/Unity
-adb2
-batchMode
-noUpm
-name
AssetImportWorker2
-projectPath
/Users/chenjingxuan/Desktop/Github/Programming-Theory-Repo/Programming Theory Project
-logFile
Logs/AssetImportWorker2.log
-srvPort
59142
Successfully changed project path to: /Users/chenjingxuan/Desktop/Github/Programming-Theory-Repo/Programming Theory Project
/Users/chenjingxuan/Desktop/Github/Programming-Theory-Repo/Programming Theory Project
Using Asset Import Pipeline V2.
Refreshing native plugins compatible for Editor in 67.07 ms, found 3 plugins.
Preloading 0 native plugins for Editor in 0.00 ms.
Initialize engine version: 2020.3.32f1 (12f8b0834f07)
[Subsystems] Discovering subsystems at path /Applications/Unity/Hub/Editor/2020.3.32f1/Unity.app/Contents/Resources/UnitySubsystems
[Subsystems] Discovering subsystems at path /Users/chenjingxuan/Desktop/Github/Programming-Theory-Repo/Programming Theory Project/Assets
GfxDevice: creating device client; threaded=0
2022-04-21 17:22:19.816 Unity[8549:1329933] DELL U2719DC preferred device: Intel(R) Iris(TM) Graphics 6100 (low power)
2022-04-21 17:22:19.816 Unity[8549:1329933] Metal devices available: 1
2022-04-21 17:22:19.816 Unity[8549:1329933] 0: Intel(R) Iris(TM) Graphics 6100 (low power)
2022-04-21 17:22:19.817 Unity[8549:1329933] Using device Intel(R) Iris(TM) Graphics 6100 (low power)
Initializing Metal device caps: Intel(R) Iris(TM) Graphics 6100
Initialize mono
Mono path[0] = '/Applications/Unity/Hub/Editor/2020.3.32f1/Unity.app/Contents/Managed'
Mono path[1] = '/Applications/Unity/Hub/Editor/2020.3.32f1/Unity.app/Contents/MonoBleedingEdge/lib/mono/unityjit'
Mono config path = '/Applications/Unity/Hub/Editor/2020.3.32f1/Unity.app/Contents/MonoBleedingEdge/etc'
Using monoOptions --debugger-agent=transport=dt_socket,embedding=1,server=y,suspend=n,address=127.0.0.1:56549
Begin MonoManager ReloadAssembly
Registering precompiled unity dll's ...
Register platform support module: /Applications/Unity/Hub/Editor/2020.3.32f1/PlaybackEngines/WebGLSupport/UnityEditor.WebGL.Extensions.dll
Register platform support module: /Applications/Unity/Hub/Editor/2020.3.32f1/Unity.app/Contents/PlaybackEngines/MacStandaloneSupport/UnityEditor.OSXStandalone.Extensions.dll
Registered in 0.000971 seconds.
Native extension for OSXStandalone target not found
Native extension for WebGL target not found
Refreshing native plugins compatible for Editor in 81.51 ms, found 3 plugins.
Preloading 0 native plugins for Editor in 0.00 ms.
Mono: successfully reloaded assembly
- Completed reload, in  0.963 seconds
Domain Reload Profiling:
	ReloadAssembly (963ms)
		BeginReloadAssembly (73ms)
			ExecutionOrderSort (0ms)
			DisableScriptedObjects (0ms)
			BackupInstance (0ms)
			ReleaseScriptingObjects (0ms)
			CreateAndSetChildDomain (1ms)
		EndReloadAssembly (788ms)
			LoadAssemblies (73ms)
			RebuildTransferFunctionScriptingTraits (0ms)
			SetupTypeCache (255ms)
			ReleaseScriptCaches (0ms)
			RebuildScriptCaches (66ms)
			SetupLoadedEditorAssemblies (309ms)
				LogAssemblyErrors (0ms)
				InitializePlatformSupportModulesInManaged (8ms)
				SetLoadedEditorAssemblies (0ms)
				RefreshPlugins (82ms)
				BeforeProcessingInitializeOnLoad (58ms)
				ProcessInitializeOnLoadAttributes (122ms)
				ProcessInitializeOnLoadMethodAttributes (39ms)
				AfterProcessingInitializeOnLoad (0ms)
				EditorAssembliesLoaded (0ms)
			ExecutionOrderSort2 (0ms)
			AwakeInstancesAfterBackupRestoration (0ms)
Platform modules already initialized, skipping
Registering precompiled user dll's ...
Registered in 0.003113 seconds.
Begin MonoManager ReloadAssembly
Native extension for OSXStandalone target not found
Native extension for WebGL target not found
Refreshing native plugins compatible for Editor in 73.75 ms, found 3 plugins.
Preloading 0 native plugins for Editor in 0.00 ms.
Mono: successfully reloaded assembly
- Completed reload, in  1.788 seconds
Domain Reload Profiling:
	ReloadAssembly (1789ms)
		BeginReloadAssembly (225ms)
			ExecutionOrderSort (0ms)
			DisableScriptedObjects (7ms)
			BackupInstance (0ms)
			ReleaseScriptingObjects (0ms)
			CreateAndSetChildDomain (35ms)
		EndReloadAssembly (1476ms)
			LoadAssemblies (165ms)
			RebuildTransferFunctionScriptingTraits (0ms)
			SetupTypeCache (529ms)
			ReleaseScriptCaches (1ms)
			RebuildScriptCaches (75ms)
			SetupLoadedEditorAssemblies (548ms)
				LogAssemblyErrors (0ms)
				InitializePlatformSupportModulesInManaged (7ms)
				SetLoadedEditorAssemblies (0ms)
				RefreshPlugins (74ms)
				BeforeProcessingInitializeOnLoad (122ms)
				ProcessInitializeOnLoadAttributes (316ms)
				ProcessInitializeOnLoadMethodAttributes (27ms)
				AfterProcessingInitializeOnLoad (1ms)
				EditorAssembliesLoaded (0ms)
			ExecutionOrderSort2 (0ms)
			AwakeInstancesAfterBackupRestoration (9ms)
Platform modules already initialized, skipping
Validating Project structure ... 0.002319 seconds.
Shader import version has changed; will reimport all shaders...
Upgrading shader files ...0.018114 seconds.
Application.AssetDatabase Initial Script Refresh Start
RefreshInfo: InitialScriptRefreshV2(NoUpdateAssetOptions) scanfilter:  ... 1 filters
RefreshProfiler: Total: 0.000ms
Application.AssetDatabase Initial Script Refresh End
Application.AssetDatabase.Refresh Start
Application.AssetDatabase.Refresh End
RefreshInfo: StopAssetImportingV2(ForceSynchronousImport) scanfilter: 
RefreshProfiler: Total: 0.000ms
Launching external process: /Applications/Unity/Hub/Editor/2020.3.32f1/Unity.app/Contents/Tools/UnityShaderCompiler
Launched and connected shader compiler UnityShaderCompiler after 0.02 seconds
Initializing Unity extensions:
2022-04-21 17:22:40.112 Unity[8549:1329933] NSEventModifierFlagFunction specified to -setKeyEquivalentModifierMask: for item <NSMenuItem: 0x60000367b5d0 Font Asset, ke='Command-F12'>, but is only supported for system-provided menu items; will not be used
2022-04-21 17:22:40.116 Unity[8549:1329933] NSEventModifierFlagFunction specified to -setKeyEquivalentModifierMask: for item <NSMenuItem: 0x60000360c5b0 Font Asset, ke='Command-F12'>, but is only supported for system-provided menu items; will not be used
========================================================================
Worker process is ready to serve import requests
Refreshing native plugins compatible for Editor in 0.55 ms, found 3 plugins.
Preloading 0 native plugins for Editor in 0.00 ms.
Unloading 2214 Unused Serialized files (Serialized files now loaded: 0)
System memory in use before: 215.8 MB.
System memory in use after: 214.9 MB.

Unloading 104 unused Assets to reduce memory usage. Loaded Objects now: 2685.
Total: 4.763379 ms (FindLiveObjects: 0.284202 ms CreateObjectMapping: 0.113124 ms MarkObjects: 3.448730 ms  DeleteObjects: 0.915563 ms)

AssetImportParameters requested are different than current active one (requested -> active):
  custom:video-decoder-ogg-theora: a1e56fd34408186e4bbccfd4996cb3dc -> 
  custom:container-muxer-webm: aa71ff27fc2769a1b78a27578f13a17b -> 
  custom:container-demuxer-webm: 4f35f7cbe854078d1ac9338744f61a02 -> 
  custom:container-demuxer-ogg: 62fdf1f143b41e24485cea50d1cbac27 -> 
  custom:video-encoder-webm-vp8: eb34c28f22e8b96e1ab97ce403110664 -> 
  custom:framework-osx-AVFoundation: e770b220cccbd017edd2c1fefb359320 -> 
  custom:video-decoder-webm-vp8: 9c59270c3fd7afecdb556c50c9e8de78 -> 
  custom:audio-decoder-ogg-vorbis: bf7c407c2cedff20999df2af8eb42d56 -> 
  custom:audio-encoder-webm-vorbis: bf7c407c2cedff20999df2af8eb42d56 -> 
========================================================================
Received Import Request.
  path: 
  artifactKey: Guid(79459efec17a4d00a321bdcc27bbc385) Importer(815301076,1909f56bfc062723c751e8b465ee728b)
Start importing  using Guid(79459efec17a4d00a321bdcc27bbc385) Importer(815301076,1909f56bfc062723c751e8b465ee728b)  -> (artifact id: '00000000000000000000000000000000') in 0.000126 seconds  code(3) message(Unknown asset with GUID '79459efec17a4d00a321bdcc27bbc385')
  ERROR: Unknown asset with GUID '79459efec17a4d00a321bdcc27bbc385'
========================================================================
Received Import Request.
  Time since last request: 0.000345 seconds.
  path: 
  artifactKey: Guid(2e498d1c8094910479dc3e1b768306a4) Importer(815301076,1909f56bfc062723c751e8b465ee728b)
Start importing  using Guid(2e498d1c8094910479dc3e1b768306a4) Importer(815301076,1909f56bfc062723c751e8b465ee728b)  -> (artifact id: '00000000000000000000000000000000') in 0.000121 seconds  code(3) message(Unknown asset with GUID '2e498d1c8094910479dc3e1b768306a4')
  ERROR: Unknown asset with GUID '2e498d1c8094910479dc3e1b768306a4'
========================================================================
Received Import Request.
  Time since last request: 0.000384 seconds.
  path: 
  artifactKey: Guid(e73a58f6e2794ae7b1b7e50b7fb811b0) Importer(815301076,1909f56bfc062723c751e8b465ee728b)
Start importing  using Guid(e73a58f6e2794ae7b1b7e50b7fb811b0) Importer(815301076,1909f56bfc062723c751e8b465ee728b)  -> (artifact id: '00000000000000000000000000000000') in 0.000124 seconds  code(3) message(Unknown asset with GUID 'e73a58f6e2794ae7b1b7e50b7fb811b0')
  ERROR: Unknown asset with GUID 'e73a58f6e2794ae7b1b7e50b7fb811b0'
========================================================================
Received Import Request.
  Time since last request: 0.001661 seconds.
  path: 
  artifactKey: Guid(8f586378b4e144a9851e7b34d9b748ee) Importer(815301076,1909f56bfc062723c751e8b465ee728b)
Start importing  using Guid(8f586378b4e144a9851e7b34d9b748ee) Importer(815301076,1909f56bfc062723c751e8b465ee728b)  -> (artifact id: '00000000000000000000000000000000') in 0.000153 seconds  code(3) message(Unknown asset with GUID '8f586378b4e144a9851e7b34d9b748ee')
  ERROR: Unknown asset with GUID '8f586378b4e144a9851e7b34d9b748ee'
========================================================================
Received Import Request.
  Time since last request: 1628.343691 seconds.
  path: 
  artifactKey: Guid(1d3b87e68b77d46da9b7cce57e37c2e1) Importer(815301076,1909f56bfc062723c751e8b465ee728b)
Start importing  using Guid(1d3b87e68b77d46da9b7cce57e37c2e1) Importer(815301076,1909f56bfc062723c751e8b465ee728b)  -> (artifact id: '00000000000000000000000000000000') in 0.000107 seconds  code(3) message(Unknown asset with GUID '1d3b87e68b77d46da9b7cce57e37c2e1')
  ERROR: Unknown asset with GUID '1d3b87e68b77d46da9b7cce57e37c2e1'
========================================================================
Received Import Request.
  Time since last request: 7.925196 seconds.
  path: 
  artifactKey: Guid(adaa98382d33a4a76b6e0334aca5ec39) Importer(815301076,1909f56bfc062723c751e8b465ee728b)
Start importing  using Guid(adaa98382d33a4a76b6e0334aca5ec39) Importer(815301076,1909f56bfc062723c751e8b465ee728b)  -> (artifact id: '00000000000000000000000000000000') in 0.000171 seconds  code(3) message(Unknown asset with GUID 'adaa98382d33a4a76b6e0334aca5ec39')
  ERROR: Unknown asset with GUID 'adaa98382d33a4a76b6e0334aca5ec39'
========================================================================
Received Import Request.
  Time since last request: 9.793939 seconds.
  path: 
  artifactKey: Guid(a8eefb617567b43b9b4df9b9750a23e2) Importer(815301076,1909f56bfc062723c751e8b465ee728b)
Start importing  using Guid(a8eefb617567b43b9b4df9b9750a23e2) Importer(815301076,1909f56bfc062723c751e8b465ee728b)  -> (artifact id: '00000000000000000000000000000000') in 0.000111 seconds  code(3) message(Unknown asset with GUID 'a8eefb617567b43b9b4df9b9750a23e2')
  ERROR: Unknown asset with GUID 'a8eefb617567b43b9b4df9b9750a23e2'
========================================================================
Received Import Request.
  Time since last request: 2.392370 seconds.
  path: 
  artifactKey: Guid(1c309de31cc674b03a03325ff76dfcbd) Importer(815301076,1909f56bfc062723c751e8b465ee728b)
Start importing  using Guid(1c309de31cc674b03a03325ff76dfcbd) Importer(815301076,1909f56bfc062723c751e8b465ee728b)  -> (artifact id: '00000000000000000000000000000000') in 0.000107 seconds  code(3) message(Unknown asset with GUID '1c309de31cc674b03a03325ff76dfcbd')
  ERROR: Unknown asset with GUID '1c309de31cc674b03a03325ff76dfcbd'
========================================================================
Received Import Request.
  Time since last request: 0.049535 seconds.
  path: 
  artifactKey: Guid(a8eefb617567b43b9b4df9b9750a23e2) Importer(815301076,1909f56bfc062723c751e8b465ee728b)
Start importing  using Guid(a8eefb617567b43b9b4df9b9750a23e2) Importer(815301076,1909f56bfc062723c751e8b465ee728b)  -> (artifact id: '00000000000000000000000000000000') in 0.000089 seconds  code(3) message(Unknown asset with GUID 'a8eefb617567b43b9b4df9b9750a23e2')
  ERROR: Unknown asset with GUID 'a8eefb617567b43b9b4df9b9750a23e2'
========================================================================
Received Import Request.
  Time since last request: 2.087130 seconds.
  path: 
  artifactKey: Guid(2d873185a41b2437e872aa08fde8047f) Importer(815301076,1909f56bfc062723c751e8b465ee728b)
Start importing  using Guid(2d873185a41b2437e872aa08fde8047f) Importer(815301076,1909f56bfc062723c751e8b465ee728b)  -> (artifact id: '00000000000000000000000000000000') in 0.000116 seconds  code(3) message(Unknown asset with GUID '2d873185a41b2437e872aa08fde8047f')
  ERROR: Unknown asset with GUID '2d873185a41b2437e872aa08fde8047f'
========================================================================
Received Import Request.
  Time since last request: 0.054814 seconds.
  path: 
  artifactKey: Guid(1c309de31cc674b03a03325ff76dfcbd) Importer(815301076,1909f56bfc062723c751e8b465ee728b)
Start importing  using Guid(1c309de31cc674b03a03325ff76dfcbd) Importer(815301076,1909f56bfc062723c751e8b465ee728b)  -> (artifact id: '00000000000000000000000000000000') in 0.000695 seconds  code(3) message(Unknown asset with GUID '1c309de31cc674b03a03325ff76dfcbd')
  ERROR: Unknown asset with GUID '1c309de31cc674b03a03325ff76dfcbd'
========================================================================
Received Import Request.
  Time since last request: 0.000460 seconds.
  path: 
  artifactKey: Guid(a8eefb617567b43b9b4df9b9750a23e2) Importer(815301076,1909f56bfc062723c751e8b465ee728b)
Start importing  using Guid(a8eefb617567b43b9b4df9b9750a23e2) Importer(815301076,1909f56bfc062723c751e8b465ee728b)  -> (artifact id: '00000000000000000000000000000000') in 0.000134 seconds  code(3) message(Unknown asset with GUID 'a8eefb617567b43b9b4df9b9750a23e2')
  ERROR: Unknown asset with GUID 'a8eefb617567b43b9b4df9b9750a23e2'
========================================================================
Received Import Request.
  Time since last request: 2.168555 seconds.
  path: 
  artifactKey: Guid(d469cd47c98bd49bfa79ccaaf7a64460) Importer(815301076,1909f56bfc062723c751e8b465ee728b)
Start importing  using Guid(d469cd47c98bd49bfa79ccaaf7a64460) Importer(815301076,1909f56bfc062723c751e8b465ee728b)  -> (artifact id: '00000000000000000000000000000000') in 0.000151 seconds  code(3) message(Unknown asset with GUID 'd469cd47c98bd49bfa79ccaaf7a64460')
  ERROR: Unknown asset with GUID 'd469cd47c98bd49bfa79ccaaf7a64460'
========================================================================
Received Import Request.
  Time since last request: 0.051947 seconds.
  path: 
  artifactKey: Guid(1c309de31cc674b03a03325ff76dfcbd) Importer(815301076,1909f56bfc062723c751e8b465ee728b)
Start importing  using Guid(1c309de31cc674b03a03325ff76dfcbd) Importer(815301076,1909f56bfc062723c751e8b465ee728b)  -> (artifact id: '00000000000000000000000000000000') in 0.000310 seconds  code(3) message(Unknown asset with GUID '1c309de31cc674b03a03325ff76dfcbd')
  ERROR: Unknown asset with GUID '1c309de31cc674b03a03325ff76dfcbd'
========================================================================
Received Import Request.
  Time since last request: 0.001266 seconds.
  path: 
  artifactKey: Guid(a8eefb617567b43b9b4df9b9750a23e2) Importer(815301076,1909f56bfc062723c751e8b465ee728b)
Start importing  using Guid(a8eefb617567b43b9b4df9b9750a23e2) Importer(815301076,1909f56bfc062723c751e8b465ee728b)  -> (artifact id: '00000000000000000000000000000000') in 0.000106 seconds  code(3) message(Unknown asset with GUID 'a8eefb617567b43b9b4df9b9750a23e2')
  ERROR: Unknown asset with GUID 'a8eefb617567b43b9b4df9b9750a23e2'
========================================================================
Received Import Request.
  Time since last request: 0.000853 seconds.
  path: 
  artifactKey: Guid(2d873185a41b2437e872aa08fde8047f) Importer(815301076,1909f56bfc062723c751e8b465ee728b)
Start importing  using Guid(2d873185a41b2437e872aa08fde8047f) Importer(815301076,1909f56bfc062723c751e8b465ee728b)  -> (artifact id: '00000000000000000000000000000000') in 0.000112 seconds  code(3) message(Unknown asset with GUID '2d873185a41b2437e872aa08fde8047f')
  ERROR: Unknown asset with GUID '2d873185a41b2437e872aa08fde8047f'
========================================================================
Received Import Request.
  Time since last request: 47.736835 seconds.
  path: 
  artifactKey: Guid(1c309de31cc674b03a03325ff76dfcbd) Importer(815301076,1909f56bfc062723c751e8b465ee728b)
Start importing  using Guid(1c309de31cc674b03a03325ff76dfcbd) Importer(815301076,1909f56bfc062723c751e8b465ee728b)  -> (artifact id: '00000000000000000000000000000000') in 0.000117 seconds  code(3) message(Unknown asset with GUID '1c309de31cc674b03a03325ff76dfcbd')
  ERROR: Unknown asset with GUID '1c309de31cc674b03a03325ff76dfcbd'
========================================================================
Received Import Request.
  Time since last request: 0.000439 seconds.
  path: 
  artifactKey: Guid(a8eefb617567b43b9b4df9b9750a23e2) Importer(815301076,1909f56bfc062723c751e8b465ee728b)
Start importing  using Guid(a8eefb617567b43b9b4df9b9750a23e2) Importer(815301076,1909f56bfc062723c751e8b465ee728b)  -> (artifact id: '00000000000000000000000000000000') in 0.000132 seconds  code(3) message(Unknown asset with GUID 'a8eefb617567b43b9b4df9b9750a23e2')
  ERROR: Unknown asset with GUID 'a8eefb617567b43b9b4df9b9750a23e2'
========================================================================
Received Import Request.
  Time since last request: 0.001186 seconds.
  path: 
  artifactKey: Guid(d469cd47c98bd49bfa79ccaaf7a64460) Importer(815301076,1909f56bfc062723c751e8b465ee728b)
Start importing  using Guid(d469cd47c98bd49bfa79ccaaf7a64460) Importer(815301076,1909f56bfc062723c751e8b465ee728b)  -> (artifact id: '00000000000000000000000000000000') in 0.000097 seconds  code(3) message(Unknown asset with GUID 'd469cd47c98bd49bfa79ccaaf7a64460')
  ERROR: Unknown asset with GUID 'd469cd47c98bd49bfa79ccaaf7a64460'
========================================================================
Received Import Request.
  Time since last request: 0.000427 seconds.
  path: 
  artifactKey: Guid(2d873185a41b2437e872aa08fde8047f) Importer(815301076,1909f56bfc062723c751e8b465ee728b)
Start importing  using Guid(2d873185a41b2437e872aa08fde8047f) Importer(815301076,1909f56bfc062723c751e8b465ee728b)  -> (artifact id: '00000000000000000000000000000000') in 0.000592 seconds  code(3) message(Unknown asset with GUID '2d873185a41b2437e872aa08fde8047f')
  ERROR: Unknown asset with GUID '2d873185a41b2437e872aa08fde8047f'
========================================================================
Received Import Request.
  Time since last request: 3.541802 seconds.
  path: 
  artifactKey: Guid(1c309de31cc674b03a03325ff76dfcbd) Importer(815301076,1909f56bfc062723c751e8b465ee728b)
Start importing  using Guid(1c309de31cc674b03a03325ff76dfcbd) Importer(815301076,1909f56bfc062723c751e8b465ee728b)  -> (artifact id: '00000000000000000000000000000000') in 0.000130 seconds  code(3) message(Unknown asset with GUID '1c309de31cc674b03a03325ff76dfcbd')
  ERROR: Unknown asset with GUID '1c309de31cc674b03a03325ff76dfcbd'
========================================================================
Received Import Request.
  Time since last request: 0.000292 seconds.
  path: 
  artifactKey: Guid(a8eefb617567b43b9b4df9b9750a23e2) Importer(815301076,1909f56bfc062723c751e8b465ee728b)
Start importing  using Guid(a8eefb617567b43b9b4df9b9750a23e2) Importer(815301076,1909f56bfc062723c751e8b465ee728b)  -> (artifact id: '00000000000000000000000000000000') in 0.000113 seconds  code(3) message(Unknown asset with GUID 'a8eefb617567b43b9b4df9b9750a23e2')
  ERROR: Unknown asset with GUID 'a8eefb617567b43b9b4df9b9750a23e2'
========================================================================
Received Import Request.
  Time since last request: 0.000319 seconds.
  path: 
  artifactKey: Guid(d469cd47c98bd49bfa79ccaaf7a64460) Importer(815301076,1909f56bfc062723c751e8b465ee728b)
Start importing  using Guid(d469cd47c98bd49bfa79ccaaf7a64460) Importer(815301076,1909f56bfc062723c751e8b465ee728b)  -> (artifact id: '00000000000000000000000000000000') in 0.000485 seconds  code(3) message(Unknown asset with GUID 'd469cd47c98bd49bfa79ccaaf7a64460')
  ERROR: Unknown asset with GUID 'd469cd47c98bd49bfa79ccaaf7a64460'
========================================================================
Received Import Request.
  Time since last request: 0.000415 seconds.
  path: 
  artifactKey: Guid(2d873185a41b2437e872aa08fde8047f) Importer(815301076,1909f56bfc062723c751e8b465ee728b)
Start importing  using Guid(2d873185a41b2437e872aa08fde8047f) Importer(815301076,1909f56bfc062723c751e8b465ee728b)  -> (artifact id: '00000000000000000000000000000000') in 0.000151 seconds  code(3) message(Unknown asset with GUID '2d873185a41b2437e872aa08fde8047f')
  ERROR: Unknown asset with GUID '2d873185a41b2437e872aa08fde8047f'
========================================================================
Received Import Request.
  Time since last request: 22.974286 seconds.
  path: 
  artifactKey: Guid(8efa1dcba208a4ed881dde4c95da855a) Importer(815301076,1909f56bfc062723c751e8b465ee728b)
Start importing  using Guid(8efa1dcba208a4ed881dde4c95da855a) Importer(815301076,1909f56bfc062723c751e8b465ee728b)  -> (artifact id: '00000000000000000000000000000000') in 0.000109 seconds  code(3) message(Unknown asset with GUID '8efa1dcba208a4ed881dde4c95da855a')
  ERROR: Unknown asset with GUID '8efa1dcba208a4ed881dde4c95da855a'
========================================================================
Received Import Request.
  Time since last request: 549.317279 seconds.
  path: 
  artifactKey: Guid(c4cd2ba0de0184f308768b117edae7d0) Importer(815301076,1909f56bfc062723c751e8b465ee728b)
Start importing  using Guid(c4cd2ba0de0184f308768b117edae7d0) Importer(815301076,1909f56bfc062723c751e8b465ee728b)  -> (artifact id: '00000000000000000000000000000000') in 0.000127 seconds  code(3) message(Unknown asset with GUID 'c4cd2ba0de0184f308768b117edae7d0')
  ERROR: Unknown asset with GUID 'c4cd2ba0de0184f308768b117edae7d0'
========================================================================
Received Import Request.
  Time since last request: 0.000267 seconds.
  path: 
  artifactKey: Guid(71905704318f74d69945ce0fbe442331) Importer(815301076,1909f56bfc062723c751e8b465ee728b)
Start importing  using Guid(71905704318f74d69945ce0fbe442331) Importer(815301076,1909f56bfc062723c751e8b465ee728b)  -> (artifact id: '00000000000000000000000000000000') in 0.000091 seconds  code(3) message(Unknown asset with GUID '71905704318f74d69945ce0fbe442331')
  ERROR: Unknown asset with GUID '71905704318f74d69945ce0fbe442331'
========================================================================
Received Import Request.
  Time since last request: 0.000733 seconds.
  path: 
  artifactKey: Guid(999d5bb6ec0cb4f629adff7116672a24) Importer(815301076,1909f56bfc062723c751e8b465ee728b)
Start importing  using Guid(999d5bb6ec0cb4f629adff7116672a24) Importer(815301076,1909f56bfc062723c751e8b465ee728b)  -> (artifact id: '00000000000000000000000000000000') in 0.000148 seconds  code(3) message(Unknown asset with GUID '999d5bb6ec0cb4f629adff7116672a24')
  ERROR: Unknown asset with GUID '999d5bb6ec0cb4f629adff7116672a24'
========================================================================
Received Import Request.
  Time since last request: 25.470570 seconds.
  path: 
  artifactKey: Guid(1561f269e542f4ed7ae068af60a94610) Importer(815301076,1909f56bfc062723c751e8b465ee728b)
Start importing  using Guid(1561f269e542f4ed7ae068af60a94610) Importer(815301076,1909f56bfc062723c751e8b465ee728b)  -> (artifact id: '00000000000000000000000000000000') in 0.000117 seconds  code(3) message(Unknown asset with GUID '1561f269e542f4ed7ae068af60a94610')
  ERROR: Unknown asset with GUID '1561f269e542f4ed7ae068af60a94610'
========================================================================
Received Import Request.
  Time since last request: 2.286852 seconds.
  path: 
  artifactKey: Guid(c4cd2ba0de0184f308768b117edae7d0) Importer(815301076,1909f56bfc062723c751e8b465ee728b)
Start importing  using Guid(c4cd2ba0de0184f308768b117edae7d0) Importer(815301076,1909f56bfc062723c751e8b465ee728b)  -> (artifact id: '00000000000000000000000000000000') in 0.000107 seconds  code(3) message(Unknown asset with GUID 'c4cd2ba0de0184f308768b117edae7d0')
  ERROR: Unknown asset with GUID 'c4cd2ba0de0184f308768b117edae7d0'
========================================================================
Received Import Request.
  Time since last request: 0.000335 seconds.
  path: 
  artifactKey: Guid(71905704318f74d69945ce0fbe442331) Importer(815301076,1909f56bfc062723c751e8b465ee728b)
Start importing  using Guid(71905704318f74d69945ce0fbe442331) Importer(815301076,1909f56bfc062723c751e8b465ee728b)  -> (artifact id: '00000000000000000000000000000000') in 0.000146 seconds  code(3) message(Unknown asset with GUID '71905704318f74d69945ce0fbe442331')
  ERROR: Unknown asset with GUID '71905704318f74d69945ce0fbe442331'
========================================================================
Received Import Request.
  Time since last request: 0.000293 seconds.
  path: 
  artifactKey: Guid(999d5bb6ec0cb4f629adff7116672a24) Importer(815301076,1909f56bfc062723c751e8b465ee728b)
Start importing  using Guid(999d5bb6ec0cb4f629adff7116672a24) Importer(815301076,1909f56bfc062723c751e8b465ee728b)  -> (artifact id: '00000000000000000000000000000000') in 0.000191 seconds  code(3) message(Unknown asset with GUID '999d5bb6ec0cb4f629adff7116672a24')
  ERROR: Unknown asset with GUID '999d5bb6ec0cb4f629adff7116672a24'
========================================================================
Received Import Request.
  Time since last request: 4.187279 seconds.
  path: 
  artifactKey: Guid(1561f269e542f4ed7ae068af60a94610) Importer(815301076,1909f56bfc062723c751e8b465ee728b)
Start importing  using Guid(1561f269e542f4ed7ae068af60a94610) Importer(815301076,1909f56bfc062723c751e8b465ee728b)  -> (artifact id: '00000000000000000000000000000000') in 0.000093 seconds  code(3) message(Unknown asset with GUID '1561f269e542f4ed7ae068af60a94610')
  ERROR: Unknown asset with GUID '1561f269e542f4ed7ae068af60a94610'
========================================================================
Received Import Request.
  Time since last request: 0.031619 seconds.
  path: 
  artifactKey: Guid(c4cd2ba0de0184f308768b117edae7d0) Importer(815301076,1909f56bfc062723c751e8b465ee728b)
Start importing  using Guid(c4cd2ba0de0184f308768b117edae7d0) Importer(815301076,1909f56bfc062723c751e8b465ee728b)  -> (artifact id: '00000000000000000000000000000000') in 0.000298 seconds  code(3) message(Unknown asset with GUID 'c4cd2ba0de0184f308768b117edae7d0')
  ERROR: Unknown asset with GUID 'c4cd2ba0de0184f308768b117edae7d0'
========================================================================
Received Import Request.
  Time since last request: 0.001036 seconds.
  path: 
  artifactKey: Guid(71905704318f74d69945ce0fbe442331) Importer(815301076,1909f56bfc062723c751e8b465ee728b)
Start importing  using Guid(71905704318f74d69945ce0fbe442331) Importer(815301076,1909f56bfc062723c751e8b465ee728b)  -> (artifact id: '00000000000000000000000000000000') in 0.000210 seconds  code(3) message(Unknown asset with GUID '71905704318f74d69945ce0fbe442331')
  ERROR: Unknown asset with GUID '71905704318f74d69945ce0fbe442331'
========================================================================
Received Import Request.
  Time since last request: 0.000286 seconds.
  path: 
  artifactKey: Guid(999d5bb6ec0cb4f629adff7116672a24) Importer(815301076,1909f56bfc062723c751e8b465ee728b)
Start importing  using Guid(999d5bb6ec0cb4f629adff7116672a24) Importer(815301076,1909f56bfc062723c751e8b465ee728b)  -> (artifact id: '00000000000000000000000000000000') in 0.000813 seconds  code(3) message(Unknown asset with GUID '999d5bb6ec0cb4f629adff7116672a24')
  ERROR: Unknown asset with GUID '999d5bb6ec0cb4f629adff7116672a24'
========================================================================
Received Import Request.
  Time since last request: 56.810590 seconds.
  path: 
  artifactKey: Guid(c4cd2ba0de0184f308768b117edae7d0) Importer(815301076,1909f56bfc062723c751e8b465ee728b)
Start importing  using Guid(c4cd2ba0de0184f308768b117edae7d0) Importer(815301076,1909f56bfc062723c751e8b465ee728b)  -> (artifact id: '00000000000000000000000000000000') in 0.000159 seconds  code(3) message(Unknown asset with GUID 'c4cd2ba0de0184f308768b117edae7d0')
  ERROR: Unknown asset with GUID 'c4cd2ba0de0184f308768b117edae7d0'
========================================================================
Received Import Request.
  Time since last request: 0.000447 seconds.
  path: 
  artifactKey: Guid(f94d17c594b9543029275b0866793a61) Importer(815301076,1909f56bfc062723c751e8b465ee728b)
Start importing  using Guid(f94d17c594b9543029275b0866793a61) Importer(815301076,1909f56bfc062723c751e8b465ee728b)  -> (artifact id: '00000000000000000000000000000000') in 0.000154 seconds  code(3) message(Unknown asset with GUID 'f94d17c594b9543029275b0866793a61')
  ERROR: Unknown asset with GUID 'f94d17c594b9543029275b0866793a61'
========================================================================
Received Import Request.
  Time since last request: 0.001916 seconds.
  path: 
  artifactKey: Guid(71905704318f74d69945ce0fbe442331) Importer(815301076,1909f56bfc062723c751e8b465ee728b)
Start importing  using Guid(71905704318f74d69945ce0fbe442331) Importer(815301076,1909f56bfc062723c751e8b465ee728b)  -> (artifact id: '00000000000000000000000000000000') in 0.000133 seconds  code(3) message(Unknown asset with GUID '71905704318f74d69945ce0fbe442331')
  ERROR: Unknown asset with GUID '71905704318f74d69945ce0fbe442331'
========================================================================
Received Import Request.
  Time since last request: 0.000441 seconds.
  path: 
  artifactKey: Guid(999d5bb6ec0cb4f629adff7116672a24) Importer(815301076,1909f56bfc062723c751e8b465ee728b)
Start importing  using Guid(999d5bb6ec0cb4f629adff7116672a24) Importer(815301076,1909f56bfc062723c751e8b465ee728b)  -> (artifact id: '00000000000000000000000000000000') in 0.000157 seconds  code(3) message(Unknown asset with GUID '999d5bb6ec0cb4f629adff7116672a24')
  ERROR: Unknown asset with GUID '999d5bb6ec0cb4f629adff7116672a24'
========================================================================
Received Import Request.
  Time since last request: 240.943544 seconds.
  path: 
  artifactKey: Guid(1c309de31cc674b03a03325ff76dfcbd) Importer(815301076,1909f56bfc062723c751e8b465ee728b)
Start importing  using Guid(1c309de31cc674b03a03325ff76dfcbd) Importer(815301076,1909f56bfc062723c751e8b465ee728b)  -> (artifact id: '00000000000000000000000000000000') in 0.000106 seconds  code(3) message(Unknown asset with GUID '1c309de31cc674b03a03325ff76dfcbd')
  ERROR: Unknown asset with GUID '1c309de31cc674b03a03325ff76dfcbd'
========================================================================
Received Import Request.
  Time since last request: 0.000373 seconds.
  path: 
  artifactKey: Guid(a8eefb617567b43b9b4df9b9750a23e2) Importer(815301076,1909f56bfc062723c751e8b465ee728b)
Start importing  using Guid(a8eefb617567b43b9b4df9b9750a23e2) Importer(815301076,1909f56bfc062723c751e8b465ee728b)  -> (artifact id: '00000000000000000000000000000000') in 0.000088 seconds  code(3) message(Unknown asset with GUID 'a8eefb617567b43b9b4df9b9750a23e2')
  ERROR: Unknown asset with GUID 'a8eefb617567b43b9b4df9b9750a23e2'
========================================================================
Received Import Request.
  Time since last request: 0.000263 seconds.
  path: 
  artifactKey: Guid(d469cd47c98bd49bfa79ccaaf7a64460) Importer(815301076,1909f56bfc062723c751e8b465ee728b)
Start importing  using Guid(d469cd47c98bd49bfa79ccaaf7a64460) Importer(815301076,1909f56bfc062723c751e8b465ee728b)  -> (artifact id: '00000000000000000000000000000000') in 0.000135 seconds  code(3) message(Unknown asset with GUID 'd469cd47c98bd49bfa79ccaaf7a64460')
  ERROR: Unknown asset with GUID 'd469cd47c98bd49bfa79ccaaf7a64460'
========================================================================
Received Import Request.
  Time since last request: 0.001375 seconds.
  path: 
  artifactKey: Guid(2d873185a41b2437e872aa08fde8047f) Importer(815301076,1909f56bfc062723c751e8b465ee728b)
Start importing  using Guid(2d873185a41b2437e872aa08fde8047f) Importer(815301076,1909f56bfc062723c751e8b465ee728b)  -> (artifact id: '00000000000000000000000000000000') in 0.000646 seconds  code(3) message(Unknown asset with GUID '2d873185a41b2437e872aa08fde8047f')
  ERROR: Unknown asset with GUID '2d873185a41b2437e872aa08fde8047f'
========================================================================
Received Import Request.
  Time since last request: 4.832708 seconds.
  path: 
  artifactKey: Guid(1c309de31cc674b03a03325ff76dfcbd) Importer(815301076,1909f56bfc062723c751e8b465ee728b)
Start importing  using Guid(1c309de31cc674b03a03325ff76dfcbd) Importer(815301076,1909f56bfc062723c751e8b465ee728b)  -> (artifact id: '00000000000000000000000000000000') in 0.000365 seconds  code(3) message(Unknown asset with GUID '1c309de31cc674b03a03325ff76dfcbd')
  ERROR: Unknown asset with GUID '1c309de31cc674b03a03325ff76dfcbd'
========================================================================
Received Import Request.
  Time since last request: 0.000292 seconds.
  path: 
  artifactKey: Guid(a8eefb617567b43b9b4df9b9750a23e2) Importer(815301076,1909f56bfc062723c751e8b465ee728b)
Start importing  using Guid(a8eefb617567b43b9b4df9b9750a23e2) Importer(815301076,1909f56bfc062723c751e8b465ee728b)  -> (artifact id: '00000000000000000000000000000000') in 0.000120 seconds  code(3) message(Unknown asset with GUID 'a8eefb617567b43b9b4df9b9750a23e2')
  ERROR: Unknown asset with GUID 'a8eefb617567b43b9b4df9b9750a23e2'
========================================================================
Received Import Request.
  Time since last request: 0.000371 seconds.
  path: 
  artifactKey: Guid(d469cd47c98bd49bfa79ccaaf7a64460) Importer(815301076,1909f56bfc062723c751e8b465ee728b)
Start importing  using Guid(d469cd47c98bd49bfa79ccaaf7a64460) Importer(815301076,1909f56bfc062723c751e8b465ee728b)  -> (artifact id: '00000000000000000000000000000000') in 0.000139 seconds  code(3) message(Unknown asset with GUID 'd469cd47c98bd49bfa79ccaaf7a64460')
  ERROR: Unknown asset with GUID 'd469cd47c98bd49bfa79ccaaf7a64460'
========================================================================
Received Import Request.
  Time since last request: 0.000348 seconds.
  path: 
  artifactKey: Guid(2d873185a41b2437e872aa08fde8047f) Importer(815301076,1909f56bfc062723c751e8b465ee728b)
Start importing  using Guid(2d873185a41b2437e872aa08fde8047f) Importer(815301076,1909f56bfc062723c751e8b465ee728b)  -> (artifact id: '00000000000000000000000000000000') in 0.000343 seconds  code(3) message(Unknown asset with GUID '2d873185a41b2437e872aa08fde8047f')
  ERROR: Unknown asset with GUID '2d873185a41b2437e872aa08fde8047f'
